2020-07-09T22:19:49.658381+09:00 0 [Warning] [MY-011070] [Server] 'Disabling symbolic links using --skip-symbolic-links (or equivalent) is the default. Consider not using this option as it' is deprecated and will be removed in a future release.
2020-07-09T22:19:49.658444+09:00 0 [System] [MY-013169] [Server] /usr/sbin/mysqld (mysqld 8.0.20) initializing of server in progress as process 42
2020-07-09T22:19:49.666221+09:00 1 [System] [MY-013576] [InnoDB] InnoDB initialization has started.
2020-07-09T22:19:50.081401+09:00 1 [System] [MY-013577] [InnoDB] InnoDB initialization has ended.
2020-07-09T22:19:50.983302+09:00 6 [Warning] [MY-010453] [Server] root@localhost is created with an empty password ! Please consider switching off the --initialize-insecure option.
2020-07-09T22:19:56.433520+09:00 0 [Warning] [MY-011070] [Server] 'Disabling symbolic links using --skip-symbolic-links (or equivalent) is the default. Consider not using this option as it' is deprecated and will be removed in a future release.
2020-07-09T22:19:56.433616+09:00 0 [System] [MY-010116] [Server] /usr/sbin/mysqld (mysqld 8.0.20) starting as process 89
2020-07-09T22:19:56.450708+09:00 1 [System] [MY-013576] [InnoDB] InnoDB initialization has started.
2020-07-09T22:19:56.658104+09:00 1 [System] [MY-013577] [InnoDB] InnoDB initialization has ended.
2020-07-09T22:19:56.734901+09:00 0 [System] [MY-011323] [Server] X Plugin ready for connections. Socket: '/var/run/mysqld/mysqlx.sock'
2020-07-09T22:19:56.812906+09:00 0 [Warning] [MY-010068] [Server] CA certificate ca.pem is self signed.
2020-07-09T22:19:56.815028+09:00 0 [Warning] [MY-011810] [Server] Insecure configuration for --pid-file: Location '/var/run/mysqld' in the path is accessible to all OS users. Consider choosing a different directory.
2020-07-09T22:19:56.830068+09:00 0 [System] [MY-010931] [Server] /usr/sbin/mysqld: ready for connections. Version: '8.0.20'  socket: '/var/run/mysqld/mysqld.sock'  port: 0  MySQL Community Server - GPL.
2020-07-09T22:20:01.986993+09:00 14 [System] [MY-013172] [Server] Received SHUTDOWN from user root. Shutting down mysqld (Version: 8.0.20).
2020-07-09T22:20:04.266375+09:00 0 [System] [MY-010910] [Server] /usr/sbin/mysqld: Shutdown complete (mysqld 8.0.20)  MySQL Community Server - GPL.
2020-07-09T22:20:05.225342+09:00 0 [Warning] [MY-011070] [Server] 'Disabling symbolic links using --skip-symbolic-links (or equivalent) is the default. Consider not using this option as it' is deprecated and will be removed in a future release.
2020-07-09T22:20:05.225443+09:00 0 [System] [MY-010116] [Server] /usr/sbin/mysqld (mysqld 8.0.20) starting as process 1
2020-07-09T22:20:05.236505+09:00 1 [System] [MY-013576] [InnoDB] InnoDB initialization has started.
2020-07-09T22:20:05.412346+09:00 1 [System] [MY-013577] [InnoDB] InnoDB initialization has ended.
2020-07-09T22:20:05.488395+09:00 0 [System] [MY-011323] [Server] X Plugin ready for connections. Socket: '/var/run/mysqld/mysqlx.sock' bind-address: '::' port: 33060
2020-07-09T22:20:05.600165+09:00 0 [Warning] [MY-010068] [Server] CA certificate ca.pem is self signed.
2020-07-09T22:20:05.603523+09:00 0 [Warning] [MY-011810] [Server] Insecure configuration for --pid-file: Location '/var/run/mysqld' in the path is accessible to all OS users. Consider choosing a different directory.
2020-07-09T22:20:05.620976+09:00 0 [System] [MY-010931] [Server] /usr/sbin/mysqld: ready for connections. Version: '8.0.20'  socket: '/var/run/mysqld/mysqld.sock'  port: 3306  MySQL Community Server - GPL.
